CRITICAL - 2022-07-27 15:32:53 --> file_get_contents(https://mindicador.cl/api/uf/2019): failed to open stream: HTTP request failed! HTTP/1.1 502 Bad Gateway

in APPPATH\Views\index.php on line 115.
 1 [internal function]: CodeIgniter\Debug\Exceptions->errorHandler(2, 'file_get_contents(https://mindicador.cl/api/uf/2019): failed to open stream: HTTP request failed! HTTP/1.1 502 Bad Gateway
', 'APPPATH\\Views\\index.php', 115, [...])
 2 APPPATH\Views\index.php(115): file_get_contents('https://mindicador.cl/api/uf/2019')
 3 APPPATH\Views\index.php(105): getEstadisticas('uf', 2019)
 4 SYSTEMPATH\View\View.php(213): include('APPPATH\\Views\\index.php')
 5 SYSTEMPATH\View\View.php(216): CodeIgniter\View\View->CodeIgniter\View\{closure}()
 6 SYSTEMPATH\Common.php(1135): CodeIgniter\View\View->render('index', [], true)
 7 APPPATH\Controllers\Home.php(9): view('index')
 8 SYSTEMPATH\CodeIgniter.php(896): App\Controllers\Home->index()
 9 SYSTEMPATH\CodeIgniter.php(466): CodeIgniter\CodeIgniter->runController(Object(App\Controllers\Home))
10 SYSTEMPATH\CodeIgniter.php(349): CodeIgniter\CodeIgniter->handleRequest(null, Object(Config\Cache), false)
11 FCPATH\index.php(55): CodeIgniter\CodeIgniter->run()
12 SYSTEMPATH\Commands\Server\rewrite.php(43): require_once('FCPATH\\index.php')
CRITICAL - 2022-07-27 15:33:59 --> syntax error, unexpected 'Array' (T_ARRAY)
in APPPATH\Views\index.php on line 143.
 1 SYSTEMPATH\View\View.php(216): CodeIgniter\View\View->CodeIgniter\View\{closure}()
 2 SYSTEMPATH\Common.php(1135): CodeIgniter\View\View->render('index', [], true)
 3 APPPATH\Controllers\Home.php(9): view('index')
 4 SYSTEMPATH\CodeIgniter.php(896): App\Controllers\Home->index()
 5 SYSTEMPATH\CodeIgniter.php(466): CodeIgniter\CodeIgniter->runController(Object(App\Controllers\Home))
 6 SYSTEMPATH\CodeIgniter.php(349): CodeIgniter\CodeIgniter->handleRequest(null, Object(Config\Cache), false)
 7 FCPATH\index.php(55): CodeIgniter\CodeIgniter->run()
 8 SYSTEMPATH\Commands\Server\rewrite.php(43): require_once('FCPATH\\index.php')
CRITICAL - 2022-07-27 15:34:09 --> file_get_contents(https://mindicador.cl/api/uf/2019): failed to open stream: HTTP request failed! HTTP/1.1 502 Bad Gateway

in APPPATH\Views\index.php on line 115.
 1 [internal function]: CodeIgniter\Debug\Exceptions->errorHandler(2, 'file_get_contents(https://mindicador.cl/api/uf/2019): failed to open stream: HTTP request failed! HTTP/1.1 502 Bad Gateway
', 'APPPATH\\Views\\index.php', 115, [...])
 2 APPPATH\Views\index.php(115): file_get_contents('https://mindicador.cl/api/uf/2019')
 3 APPPATH\Views\index.php(105): getEstadisticas('uf', 2019)
 4 SYSTEMPATH\View\View.php(213): include('APPPATH\\Views\\index.php')
 5 SYSTEMPATH\View\View.php(216): CodeIgniter\View\View->CodeIgniter\View\{closure}()
 6 SYSTEMPATH\Common.php(1135): CodeIgniter\View\View->render('index', [], true)
 7 APPPATH\Controllers\Home.php(9): view('index')
 8 SYSTEMPATH\CodeIgniter.php(896): App\Controllers\Home->index()
 9 SYSTEMPATH\CodeIgniter.php(466): CodeIgniter\CodeIgniter->runController(Object(App\Controllers\Home))
10 SYSTEMPATH\CodeIgniter.php(349): CodeIgniter\CodeIgniter->handleRequest(null, Object(Config\Cache), false)
11 FCPATH\index.php(55): CodeIgniter\CodeIgniter->run()
12 SYSTEMPATH\Commands\Server\rewrite.php(43): require_once('FCPATH\\index.php')
CRITICAL - 2022-07-27 15:34:50 --> file_get_contents(https://mindicador.cl/api/uf/2019): failed to open stream: HTTP request failed! HTTP/1.1 502 Bad Gateway

in APPPATH\Views\index.php on line 115.
 1 [internal function]: CodeIgniter\Debug\Exceptions->errorHandler(2, 'file_get_contents(https://mindicador.cl/api/uf/2019): failed to open stream: HTTP request failed! HTTP/1.1 502 Bad Gateway
', 'APPPATH\\Views\\index.php', 115, [...])
 2 APPPATH\Views\index.php(115): file_get_contents('https://mindicador.cl/api/uf/2019')
 3 APPPATH\Views\index.php(105): getEstadisticas('uf', 2019)
 4 SYSTEMPATH\View\View.php(213): include('APPPATH\\Views\\index.php')
 5 SYSTEMPATH\View\View.php(216): CodeIgniter\View\View->CodeIgniter\View\{closure}()
 6 SYSTEMPATH\Common.php(1135): CodeIgniter\View\View->render('index', [], true)
 7 APPPATH\Controllers\Home.php(9): view('index')
 8 SYSTEMPATH\CodeIgniter.php(896): App\Controllers\Home->index()
 9 SYSTEMPATH\CodeIgniter.php(466): CodeIgniter\CodeIgniter->runController(Object(App\Controllers\Home))
10 SYSTEMPATH\CodeIgniter.php(349): CodeIgniter\CodeIgniter->handleRequest(null, Object(Config\Cache), false)
11 FCPATH\index.php(55): CodeIgniter\CodeIgniter->run()
12 SYSTEMPATH\Commands\Server\rewrite.php(43): require_once('FCPATH\\index.php')
CRITICAL - 2022-07-27 15:37:28 --> file_get_contents(https://mindicador.cl/api/uf/2019): failed to open stream: HTTP request failed! HTTP/1.1 502 Bad Gateway

in APPPATH\Views\index.php on line 115.
 1 [internal function]: CodeIgniter\Debug\Exceptions->errorHandler(2, 'file_get_contents(https://mindicador.cl/api/uf/2019): failed to open stream: HTTP request failed! HTTP/1.1 502 Bad Gateway
', 'APPPATH\\Views\\index.php', 115, [...])
 2 APPPATH\Views\index.php(115): file_get_contents('https://mindicador.cl/api/uf/2019')
 3 APPPATH\Views\index.php(105): getEstadisticas('uf', 2019)
 4 SYSTEMPATH\View\View.php(213): include('APPPATH\\Views\\index.php')
 5 SYSTEMPATH\View\View.php(216): CodeIgniter\View\View->CodeIgniter\View\{closure}()
 6 SYSTEMPATH\Common.php(1135): CodeIgniter\View\View->render('index', [], true)
 7 APPPATH\Controllers\Home.php(9): view('index')
 8 SYSTEMPATH\CodeIgniter.php(896): App\Controllers\Home->index()
 9 SYSTEMPATH\CodeIgniter.php(466): CodeIgniter\CodeIgniter->runController(Object(App\Controllers\Home))
10 SYSTEMPATH\CodeIgniter.php(349): CodeIgniter\CodeIgniter->handleRequest(null, Object(Config\Cache), false)
11 FCPATH\index.php(55): CodeIgniter\CodeIgniter->run()
12 SYSTEMPATH\Commands\Server\rewrite.php(43): require_once('FCPATH\\index.php')
CRITICAL - 2022-07-27 15:38:37 --> file_get_contents(https://mindicador.cl/api/uf/2019): failed to open stream: HTTP request failed! HTTP/1.1 502 Bad Gateway

in APPPATH\Views\index.php on line 115.
 1 [internal function]: CodeIgniter\Debug\Exceptions->errorHandler(2, 'file_get_contents(https://mindicador.cl/api/uf/2019): failed to open stream: HTTP request failed! HTTP/1.1 502 Bad Gateway
', 'APPPATH\\Views\\index.php', 115, [...])
 2 APPPATH\Views\index.php(115): file_get_contents('https://mindicador.cl/api/uf/2019')
 3 APPPATH\Views\index.php(105): getEstadisticas('uf', 2019)
 4 SYSTEMPATH\View\View.php(213): include('APPPATH\\Views\\index.php')
 5 SYSTEMPATH\View\View.php(216): CodeIgniter\View\View->CodeIgniter\View\{closure}()
 6 SYSTEMPATH\Common.php(1135): CodeIgniter\View\View->render('index', [], true)
 7 APPPATH\Controllers\Home.php(9): view('index')
 8 SYSTEMPATH\CodeIgniter.php(896): App\Controllers\Home->index()
 9 SYSTEMPATH\CodeIgniter.php(466): CodeIgniter\CodeIgniter->runController(Object(App\Controllers\Home))
10 SYSTEMPATH\CodeIgniter.php(349): CodeIgniter\CodeIgniter->handleRequest(null, Object(Config\Cache), false)
11 FCPATH\index.php(55): CodeIgniter\CodeIgniter->run()
12 SYSTEMPATH\Commands\Server\rewrite.php(43): require_once('FCPATH\\index.php')
CRITICAL - 2022-07-27 15:39:01 --> file_get_contents(https://mindicador.cl/api/uf/2019): failed to open stream: HTTP request failed! HTTP/1.1 502 Bad Gateway

in APPPATH\Views\index.php on line 115.
 1 [internal function]: CodeIgniter\Debug\Exceptions->errorHandler(2, 'file_get_contents(https://mindicador.cl/api/uf/2019): failed to open stream: HTTP request failed! HTTP/1.1 502 Bad Gateway
', 'APPPATH\\Views\\index.php', 115, [...])
 2 APPPATH\Views\index.php(115): file_get_contents('https://mindicador.cl/api/uf/2019')
 3 APPPATH\Views\index.php(105): getEstadisticas('uf', 2019)
 4 SYSTEMPATH\View\View.php(213): include('APPPATH\\Views\\index.php')
 5 SYSTEMPATH\View\View.php(216): CodeIgniter\View\View->CodeIgniter\View\{closure}()
 6 SYSTEMPATH\Common.php(1135): CodeIgniter\View\View->render('index', [], true)
 7 APPPATH\Controllers\Home.php(9): view('index')
 8 SYSTEMPATH\CodeIgniter.php(896): App\Controllers\Home->index()
 9 SYSTEMPATH\CodeIgniter.php(466): CodeIgniter\CodeIgniter->runController(Object(App\Controllers\Home))
10 SYSTEMPATH\CodeIgniter.php(349): CodeIgniter\CodeIgniter->handleRequest(null, Object(Config\Cache), false)
11 FCPATH\index.php(55): CodeIgniter\CodeIgniter->run()
12 SYSTEMPATH\Commands\Server\rewrite.php(43): require_once('FCPATH\\index.php')
CRITICAL - 2022-07-27 15:39:46 --> file_get_contents(https://mindicador.cl/api/uf/2019): failed to open stream: HTTP request failed! HTTP/1.1 502 Bad Gateway

in APPPATH\Views\index.php on line 115.
 1 [internal function]: CodeIgniter\Debug\Exceptions->errorHandler(2, 'file_get_contents(https://mindicador.cl/api/uf/2019): failed to open stream: HTTP request failed! HTTP/1.1 502 Bad Gateway
', 'APPPATH\\Views\\index.php', 115, [...])
 2 APPPATH\Views\index.php(115): file_get_contents('https://mindicador.cl/api/uf/2019')
 3 APPPATH\Views\index.php(105): getEstadisticas('uf', 2019)
 4 SYSTEMPATH\View\View.php(213): include('APPPATH\\Views\\index.php')
 5 SYSTEMPATH\View\View.php(216): CodeIgniter\View\View->CodeIgniter\View\{closure}()
 6 SYSTEMPATH\Common.php(1135): CodeIgniter\View\View->render('index', [], true)
 7 APPPATH\Controllers\Home.php(9): view('index')
 8 SYSTEMPATH\CodeIgniter.php(896): App\Controllers\Home->index()
 9 SYSTEMPATH\CodeIgniter.php(466): CodeIgniter\CodeIgniter->runController(Object(App\Controllers\Home))
10 SYSTEMPATH\CodeIgniter.php(349): CodeIgniter\CodeIgniter->handleRequest(null, Object(Config\Cache), false)
11 FCPATH\index.php(55): CodeIgniter\CodeIgniter->run()
12 SYSTEMPATH\Commands\Server\rewrite.php(43): require_once('FCPATH\\index.php')
CRITICAL - 2022-07-27 15:39:48 --> file_get_contents(https://mindicador.cl/api/uf/2019): failed to open stream: HTTP request failed! HTTP/1.1 502 Bad Gateway

in APPPATH\Views\index.php on line 115.
 1 [internal function]: CodeIgniter\Debug\Exceptions->errorHandler(2, 'file_get_contents(https://mindicador.cl/api/uf/2019): failed to open stream: HTTP request failed! HTTP/1.1 502 Bad Gateway
', 'APPPATH\\Views\\index.php', 115, [...])
 2 APPPATH\Views\index.php(115): file_get_contents('https://mindicador.cl/api/uf/2019')
 3 APPPATH\Views\index.php(105): getEstadisticas('uf', 2019)
 4 SYSTEMPATH\View\View.php(213): include('APPPATH\\Views\\index.php')
 5 SYSTEMPATH\View\View.php(216): CodeIgniter\View\View->CodeIgniter\View\{closure}()
 6 SYSTEMPATH\Common.php(1135): CodeIgniter\View\View->render('index', [], true)
 7 APPPATH\Controllers\Home.php(9): view('index')
 8 SYSTEMPATH\CodeIgniter.php(896): App\Controllers\Home->index()
 9 SYSTEMPATH\CodeIgniter.php(466): CodeIgniter\CodeIgniter->runController(Object(App\Controllers\Home))
10 SYSTEMPATH\CodeIgniter.php(349): CodeIgniter\CodeIgniter->handleRequest(null, Object(Config\Cache), false)
11 FCPATH\index.php(55): CodeIgniter\CodeIgniter->run()
12 SYSTEMPATH\Commands\Server\rewrite.php(43): require_once('FCPATH\\index.php')
CRITICAL - 2022-07-27 15:44:42 --> file_get_contents(https://mindicador.cl/api/uf/2019): failed to open stream: HTTP request failed! HTTP/1.1 502 Bad Gateway

in APPPATH\Views\index.php on line 115.
 1 [internal function]: CodeIgniter\Debug\Exceptions->errorHandler(2, 'file_get_contents(https://mindicador.cl/api/uf/2019): failed to open stream: HTTP request failed! HTTP/1.1 502 Bad Gateway
', 'APPPATH\\Views\\index.php', 115, [...])
 2 APPPATH\Views\index.php(115): file_get_contents('https://mindicador.cl/api/uf/2019')
 3 APPPATH\Views\index.php(105): getEstadisticas('uf', 2019)
 4 SYSTEMPATH\View\View.php(213): include('APPPATH\\Views\\index.php')
 5 SYSTEMPATH\View\View.php(216): CodeIgniter\View\View->CodeIgniter\View\{closure}()
 6 SYSTEMPATH\Common.php(1135): CodeIgniter\View\View->render('index', [], true)
 7 APPPATH\Controllers\Home.php(9): view('index')
 8 SYSTEMPATH\CodeIgniter.php(896): App\Controllers\Home->index()
 9 SYSTEMPATH\CodeIgniter.php(466): CodeIgniter\CodeIgniter->runController(Object(App\Controllers\Home))
10 SYSTEMPATH\CodeIgniter.php(349): CodeIgniter\CodeIgniter->handleRequest(null, Object(Config\Cache), false)
11 FCPATH\index.php(55): CodeIgniter\CodeIgniter->run()
12 SYSTEMPATH\Commands\Server\rewrite.php(43): require_once('FCPATH\\index.php')
CRITICAL - 2022-07-27 16:03:37 --> file_get_contents(https://mindicador.cl/api/uf/2019): failed to open stream: HTTP request failed! HTTP/1.1 502 Bad Gateway

in APPPATH\Views\index.php on line 115.
 1 [internal function]: CodeIgniter\Debug\Exceptions->errorHandler(2, 'file_get_contents(https://mindicador.cl/api/uf/2019): failed to open stream: HTTP request failed! HTTP/1.1 502 Bad Gateway
', 'APPPATH\\Views\\index.php', 115, [...])
 2 APPPATH\Views\index.php(115): file_get_contents('https://mindicador.cl/api/uf/2019')
 3 APPPATH\Views\index.php(105): getEstadisticas('uf', 2019)
 4 SYSTEMPATH\View\View.php(213): include('APPPATH\\Views\\index.php')
 5 SYSTEMPATH\View\View.php(216): CodeIgniter\View\View->CodeIgniter\View\{closure}()
 6 SYSTEMPATH\Common.php(1135): CodeIgniter\View\View->render('index', [], true)
 7 APPPATH\Controllers\Home.php(9): view('index')
 8 SYSTEMPATH\CodeIgniter.php(896): App\Controllers\Home->index()
 9 SYSTEMPATH\CodeIgniter.php(466): CodeIgniter\CodeIgniter->runController(Object(App\Controllers\Home))
10 SYSTEMPATH\CodeIgniter.php(349): CodeIgniter\CodeIgniter->handleRequest(null, Object(Config\Cache), false)
11 FCPATH\index.php(55): CodeIgniter\CodeIgniter->run()
12 SYSTEMPATH\Commands\Server\rewrite.php(43): require_once('FCPATH\\index.php')
CRITICAL - 2022-07-27 18:11:52 --> file_get_contents(https://mindicador.cl/api/uf/2019): failed to open stream: HTTP request failed! HTTP/1.1 502 Bad Gateway

in APPPATH\Views\index.php on line 115.
 1 [internal function]: CodeIgniter\Debug\Exceptions->errorHandler(2, 'file_get_contents(https://mindicador.cl/api/uf/2019): failed to open stream: HTTP request failed! HTTP/1.1 502 Bad Gateway
', 'APPPATH\\Views\\index.php', 115, [...])
 2 APPPATH\Views\index.php(115): file_get_contents('https://mindicador.cl/api/uf/2019')
 3 APPPATH\Views\index.php(105): getEstadisticas('uf', 2019)
 4 SYSTEMPATH\View\View.php(213): include('APPPATH\\Views\\index.php')
 5 SYSTEMPATH\View\View.php(216): CodeIgniter\View\View->CodeIgniter\View\{closure}()
 6 SYSTEMPATH\Common.php(1135): CodeIgniter\View\View->render('index', [], true)
 7 APPPATH\Controllers\Home.php(9): view('index')
 8 SYSTEMPATH\CodeIgniter.php(896): App\Controllers\Home->index()
 9 SYSTEMPATH\CodeIgniter.php(466): CodeIgniter\CodeIgniter->runController(Object(App\Controllers\Home))
10 SYSTEMPATH\CodeIgniter.php(349): CodeIgniter\CodeIgniter->handleRequest(null, Object(Config\Cache), false)
11 FCPATH\index.php(55): CodeIgniter\CodeIgniter->run()
12 SYSTEMPATH\Commands\Server\rewrite.php(43): require_once('FCPATH\\index.php')
CRITICAL - 2022-07-27 18:18:50 --> file_get_contents(https://mindicador.cl/api/uf/2019): failed to open stream: HTTP request failed! HTTP/1.1 502 Bad Gateway

in APPPATH\Views\index.php on line 115.
 1 [internal function]: CodeIgniter\Debug\Exceptions->errorHandler(2, 'file_get_contents(https://mindicador.cl/api/uf/2019): failed to open stream: HTTP request failed! HTTP/1.1 502 Bad Gateway
', 'APPPATH\\Views\\index.php', 115, [...])
 2 APPPATH\Views\index.php(115): file_get_contents('https://mindicador.cl/api/uf/2019')
 3 APPPATH\Views\index.php(105): getEstadisticas('uf', 2019)
 4 SYSTEMPATH\View\View.php(213): include('APPPATH\\Views\\index.php')
 5 SYSTEMPATH\View\View.php(216): CodeIgniter\View\View->CodeIgniter\View\{closure}()
 6 SYSTEMPATH\Common.php(1135): CodeIgniter\View\View->render('index', [], true)
 7 APPPATH\Controllers\Home.php(9): view('index')
 8 SYSTEMPATH\CodeIgniter.php(896): App\Controllers\Home->index()
 9 SYSTEMPATH\CodeIgniter.php(466): CodeIgniter\CodeIgniter->runController(Object(App\Controllers\Home))
10 SYSTEMPATH\CodeIgniter.php(349): CodeIgniter\CodeIgniter->handleRequest(null, Object(Config\Cache), false)
11 FCPATH\index.php(55): CodeIgniter\CodeIgniter->run()
12 SYSTEMPATH\Commands\Server\rewrite.php(43): require_once('FCPATH\\index.php')
CRITICAL - 2022-07-27 22:38:13 --> file_get_contents(https://mindicador.cl/api/uf/2019): failed to open stream: HTTP request failed! HTTP/1.1 502 Bad Gateway

in APPPATH\Views\index.php on line 115.
 1 [internal function]: CodeIgniter\Debug\Exceptions->errorHandler(2, 'file_get_contents(https://mindicador.cl/api/uf/2019): failed to open stream: HTTP request failed! HTTP/1.1 502 Bad Gateway
', 'APPPATH\\Views\\index.php', 115, [...])
 2 APPPATH\Views\index.php(115): file_get_contents('https://mindicador.cl/api/uf/2019')
 3 APPPATH\Views\index.php(105): getEstadisticas('uf', 2019)
 4 SYSTEMPATH\View\View.php(213): include('APPPATH\\Views\\index.php')
 5 SYSTEMPATH\View\View.php(216): CodeIgniter\View\View->CodeIgniter\View\{closure}()
 6 SYSTEMPATH\Common.php(1135): CodeIgniter\View\View->render('index', [], true)
 7 APPPATH\Controllers\Home.php(9): view('index')
 8 SYSTEMPATH\CodeIgniter.php(896): App\Controllers\Home->index()
 9 SYSTEMPATH\CodeIgniter.php(466): CodeIgniter\CodeIgniter->runController(Object(App\Controllers\Home))
10 SYSTEMPATH\CodeIgniter.php(349): CodeIgniter\CodeIgniter->handleRequest(null, Object(Config\Cache), false)
11 FCPATH\index.php(55): CodeIgniter\CodeIgniter->run()
12 SYSTEMPATH\Commands\Server\rewrite.php(43): require_once('FCPATH\\index.php')
